c:\users\gametogo\desktop\project2\x64\debug\vc142.pdb
c:\users\gametogo\desktop\project2\x64\debug\vc142.idb
c:\users\gametogo\desktop\project2\x64\debug\main.obj
c:\users\gametogo\desktop\project2\x64\debug\prototype.exe
c:\users\gametogo\desktop\project2\x64\debug\prototype.ilk
c:\users\gametogo\desktop\project2\x64\debug\prototype.pdb
c:\users\gametogo\desktop\project2\x64\debug\main_1.obj
c:\users\gametogo\desktop\project2\x64\debug\main.obj.enc
c:\users\gametogo\desktop\project2\x64\debug\prototype_1.ilk
c:\users\gametogo\desktop\project2\x64\debug\vc142_1.idb
c:\users\gametogo\desktop\project2\x64\debug\prototype_1.pdb
c:\users\gametogo\desktop\project2\x64\debug\vc142_1.pdb
c:\users\gametogo\desktop\project2\x64\debug\prototype.tlog\cl.command.1.tlog
c:\users\gametogo\desktop\project2\x64\debug\prototype.tlog\cl.command.1_1.tlog
c:\users\gametogo\desktop\project2\x64\debug\prototype.tlog\cl.read.1.tlog
c:\users\gametogo\desktop\project2\x64\debug\prototype.tlog\cl.write.1.tlog
c:\users\gametogo\desktop\project2\x64\debug\prototype.tlog\link.command.1.tlog
c:\users\gametogo\desktop\project2\x64\debug\prototype.tlog\link.command.1_1.tlog
c:\users\gametogo\desktop\project2\x64\debug\prototype.tlog\link.read.1.tlog
c:\users\gametogo\desktop\project2\x64\debug\prototype.tlog\link.write.1.tlog
