  main.cpp
C:\Users\GameToGo\Desktop\PROJECT5\SDLgeneral.h(497,12): warning C4244: '引數': 將 'time_t' 轉換為 'unsigned int'，由於類型不同，可能導致資料遺失
C:\Users\GameToGo\Desktop\PROJECT5\SDLgeneral.h(516,23): warning C4305: '正在初始化': 從 'double' 轉換為 'float'，是由較大的類型轉換為較小的類型，可能導致資料遺失
C:\Users\GameToGo\Desktop\PROJECT5\SDLgeneral.h(517,19): warning C4305: '正在初始化': 從 'double' 轉換為 'float'，是由較大的類型轉換為較小的類型，可能導致資料遺失
C:\Users\GameToGo\Desktop\PROJECT5\SDLgeneral.h(535,25): warning C4305: '正在初始化': 從 'double' 轉換為 'float'，是由較大的類型轉換為較小的類型，可能導致資料遺失
C:\Users\GameToGo\Desktop\PROJECT5\SDLgeneral.h(642,43): warning C4244: '引數': 將 'int' 轉換為 'float'，由於類型不同，可能導致資料遺失
C:\Users\GameToGo\Desktop\PROJECT5\SDLgeneral.h(678,43): warning C4244: '引數': 將 'int' 轉換為 'float'，由於類型不同，可能導致資料遺失
C:\Users\GameToGo\Desktop\PROJECT5\SDLgeneral.h(779,19): warning C4305: '-=': 從 'double' 轉換為 'float'，是由較大的類型轉換為較小的類型，可能導致資料遺失
C:\Users\GameToGo\Desktop\PROJECT5\SDLgeneral.h(861,91): warning C4244: '引數': 將 'int' 轉換為 'float'，由於類型不同，可能導致資料遺失
C:\Users\GameToGo\Desktop\PROJECT5\SDLgeneral.h(955,31): warning C4244: '引數': 將 'double' 轉換為 'float'，由於類型不同，可能導致資料遺失
C:\Users\GameToGo\Desktop\PROJECT5\SDLgeneral.h(956,31): warning C4244: '引數': 將 'double' 轉換為 'float'，由於類型不同，可能導致資料遺失
C:\Users\GameToGo\Desktop\PROJECT5\SDLgeneral.h(961,27): warning C4244: '引數': 將 'double' 轉換為 'float'，由於類型不同，可能導致資料遺失
C:\Users\GameToGo\Desktop\PROJECT5\SDLgeneral.h(962,27): warning C4244: '引數': 將 'double' 轉換為 'float'，由於類型不同，可能導致資料遺失
C:\Users\GameToGo\Desktop\PROJECT5\SDLgeneral.h(971,30): warning C4244: '引數': 將 'double' 轉換為 'float'，由於類型不同，可能導致資料遺失
C:\Users\GameToGo\Desktop\PROJECT5\SDLgeneral.h(972,30): warning C4244: '引數': 將 'double' 轉換為 'float'，由於類型不同，可能導致資料遺失
C:\Users\GameToGo\Desktop\PROJECT5\SDLgeneral.h(977,26): warning C4244: '引數': 將 'double' 轉換為 'float'，由於類型不同，可能導致資料遺失
C:\Users\GameToGo\Desktop\PROJECT5\SDLgeneral.h(978,26): warning C4244: '引數': 將 'double' 轉換為 'float'，由於類型不同，可能導致資料遺失
C:\Users\GameToGo\Desktop\PROJECT5\main.cpp(148,32): warning C4244: '引數': 將 'double' 轉換為 'float'，由於類型不同，可能導致資料遺失
C:\Users\GameToGo\Desktop\PROJECT5\main.cpp(166,16): warning C4244: '正在初始化': 將 'double' 轉換為 'float'，由於類型不同，可能導致資料遺失
C:\Users\GameToGo\Desktop\PROJECT5\main.cpp(167,11): warning C4244: '正在初始化': 將 'double' 轉換為 'float'，由於類型不同，可能導致資料遺失
C:\Users\GameToGo\Desktop\PROJECT5\main.cpp(168,11): warning C4244: '正在初始化': 將 'double' 轉換為 'float'，由於類型不同，可能導致資料遺失
C:\Users\GameToGo\Desktop\PROJECT5\main.cpp(312,24): warning C4244: '引數': 將 'double' 轉換為 'float'，由於類型不同，可能導致資料遺失
C:\Users\GameToGo\Desktop\PROJECT5\main.cpp(313,24): warning C4244: '引數': 將 'double' 轉換為 'float'，由於類型不同，可能導致資料遺失
C:\Users\GameToGo\Desktop\PROJECT5\main.cpp(314,25): warning C4244: '引數': 將 'double' 轉換為 'float'，由於類型不同，可能導致資料遺失
C:\Users\GameToGo\Desktop\PROJECT5\main.cpp(315,24): warning C4244: '引數': 將 'double' 轉換為 'float'，由於類型不同，可能導致資料遺失
C:\Users\GameToGo\Desktop\PROJECT5\main.cpp(322,24): warning C4244: '引數': 將 'double' 轉換為 'float'，由於類型不同，可能導致資料遺失
C:\Users\GameToGo\Desktop\PROJECT5\main.cpp(323,24): warning C4244: '引數': 將 'double' 轉換為 'float'，由於類型不同，可能導致資料遺失
C:\Users\GameToGo\Desktop\PROJECT5\main.cpp(324,25): warning C4244: '引數': 將 'double' 轉換為 'float'，由於類型不同，可能導致資料遺失
C:\Users\GameToGo\Desktop\PROJECT5\main.cpp(326,24): warning C4244: '引數': 將 'double' 轉換為 'float'，由於類型不同，可能導致資料遺失
C:\Users\GameToGo\Desktop\PROJECT5\main.cpp(333,24): warning C4244: '引數': 將 'double' 轉換為 'float'，由於類型不同，可能導致資料遺失
C:\Users\GameToGo\Desktop\PROJECT5\main.cpp(334,24): warning C4244: '引數': 將 'double' 轉換為 'float'，由於類型不同，可能導致資料遺失
C:\Users\GameToGo\Desktop\PROJECT5\main.cpp(335,25): warning C4244: '引數': 將 'double' 轉換為 'float'，由於類型不同，可能導致資料遺失
C:\Users\GameToGo\Desktop\PROJECT5\main.cpp(336,24): warning C4244: '引數': 將 'double' 轉換為 'float'，由於類型不同，可能導致資料遺失
C:\Users\GameToGo\Desktop\PROJECT5\main.cpp(346,25): warning C4244: '引數': 將 'double' 轉換為 'float'，由於類型不同，可能導致資料遺失
C:\Users\GameToGo\Desktop\PROJECT5\main.cpp(346,42): warning C4244: '引數': 將 'double' 轉換為 'float'，由於類型不同，可能導致資料遺失
C:\Users\GameToGo\Desktop\PROJECT5\main.cpp(353,50): warning C4244: '引數': 將 'double' 轉換為 'float'，由於類型不同，可能導致資料遺失
C:\Users\GameToGo\Desktop\PROJECT5\main.cpp(354,37): warning C4244: '引數': 將 'double' 轉換為 'float'，由於類型不同，可能導致資料遺失
C:\Users\GameToGo\Desktop\PROJECT5\main.cpp(354,60): warning C4244: '引數': 將 'double' 轉換為 'float'，由於類型不同，可能導致資料遺失
C:\Users\GameToGo\Desktop\PROJECT5\main.cpp(355,37): warning C4244: '引數': 將 'double' 轉換為 'float'，由於類型不同，可能導致資料遺失
C:\Users\GameToGo\Desktop\PROJECT5\main.cpp(355,60): warning C4244: '引數': 將 'double' 轉換為 'float'，由於類型不同，可能導致資料遺失
C:\Users\GameToGo\Desktop\PROJECT5\main.cpp(357,37): warning C4244: '引數': 將 'double' 轉換為 'float'，由於類型不同，可能導致資料遺失
C:\Users\GameToGo\Desktop\PROJECT5\main.cpp(357,60): warning C4244: '引數': 將 'double' 轉換為 'float'，由於類型不同，可能導致資料遺失
C:\Users\GameToGo\Desktop\PROJECT5\main.cpp(358,50): warning C4244: '引數': 將 'double' 轉換為 'float'，由於類型不同，可能導致資料遺失
C:\Users\GameToGo\Desktop\PROJECT5\main.cpp(359,37): warning C4244: '引數': 將 'double' 轉換為 'float'，由於類型不同，可能導致資料遺失
C:\Users\GameToGo\Desktop\PROJECT5\main.cpp(359,60): warning C4244: '引數': 將 'double' 轉換為 'float'，由於類型不同，可能導致資料遺失
C:\Users\GameToGo\Desktop\PROJECT5\main.cpp(361,37): warning C4244: '引數': 將 'double' 轉換為 'float'，由於類型不同，可能導致資料遺失
C:\Users\GameToGo\Desktop\PROJECT5\main.cpp(361,60): warning C4244: '引數': 將 'double' 轉換為 'float'，由於類型不同，可能導致資料遺失
C:\Users\GameToGo\Desktop\PROJECT5\main.cpp(362,37): warning C4244: '引數': 將 'double' 轉換為 'float'，由於類型不同，可能導致資料遺失
C:\Users\GameToGo\Desktop\PROJECT5\main.cpp(362,60): warning C4244: '引數': 將 'double' 轉換為 'float'，由於類型不同，可能導致資料遺失
C:\Users\GameToGo\Desktop\PROJECT5\main.cpp(363,50): warning C4244: '引數': 將 'double' 轉換為 'float'，由於類型不同，可能導致資料遺失
C:\Users\GameToGo\Desktop\PROJECT5\main.cpp(389,55): warning C4244: '引數': 將 'double' 轉換為 'float'，由於類型不同，可能導致資料遺失
C:\Users\GameToGo\Desktop\PROJECT5\main.cpp(389,16): warning C4244: '正在初始化': 將 'double' 轉換為 'float'，由於類型不同，可能導致資料遺失
C:\Users\GameToGo\Desktop\PROJECT5\main.cpp(871,16): warning C4244: '=': 將 'double' 轉換為 'float'，由於類型不同，可能導致資料遺失
C:\Users\GameToGo\Desktop\PROJECT5\main.cpp(872,24): warning C4244: '=': 將 'double' 轉換為 'float'，由於類型不同，可能導致資料遺失
C:\Users\GameToGo\Desktop\PROJECT5\main.cpp(879,15): warning C4244: '=': 將 'double' 轉換為 'float'，由於類型不同，可能導致資料遺失
C:\Users\GameToGo\Desktop\PROJECT5\main.cpp(884,50): warning C4244: '=': 將 'double' 轉換為 'float'，由於類型不同，可能導致資料遺失
C:\Users\GameToGo\Desktop\PROJECT5\main.cpp(931,30): warning C4244: '=': 將 'int' 轉換為 'float'，由於類型不同，可能導致資料遺失
C:\Users\GameToGo\Desktop\PROJECT5\main.cpp(938,19): warning C4244: '=': 將 'double' 轉換為 'float'，由於類型不同，可能導致資料遺失
C:\Users\GameToGo\Desktop\PROJECT5\main.cpp(955,19): warning C4244: '=': 將 'double' 轉換為 'float'，由於類型不同，可能導致資料遺失
C:\Users\GameToGo\Desktop\PROJECT5\main.cpp(964,19): warning C4244: '=': 將 'double' 轉換為 'float'，由於類型不同，可能導致資料遺失
C:\Users\GameToGo\Desktop\PROJECT5\main.cpp(973,19): warning C4244: '=': 將 'double' 轉換為 'float'，由於類型不同，可能導致資料遺失
C:\Users\GameToGo\Desktop\PROJECT5\main.cpp(995,19): warning C4244: '=': 將 'double' 轉換為 'float'，由於類型不同，可能導致資料遺失
C:\Users\GameToGo\Desktop\PROJECT5\main.cpp(1004,19): warning C4244: '=': 將 'double' 轉換為 'float'，由於類型不同，可能導致資料遺失
C:\Users\GameToGo\Desktop\PROJECT5\main.cpp(1013,19): warning C4244: '=': 將 'double' 轉換為 'float'，由於類型不同，可能導致資料遺失
C:\Users\GameToGo\Desktop\PROJECT5\main.cpp(1030,19): warning C4244: '=': 將 'double' 轉換為 'float'，由於類型不同，可能導致資料遺失
C:\Users\GameToGo\Desktop\PROJECT5\main.cpp(1061,19): warning C4244: '=': 將 'double' 轉換為 'float'，由於類型不同，可能導致資料遺失
C:\Users\GameToGo\Desktop\PROJECT5\main.cpp(1078,19): warning C4244: '=': 將 'double' 轉換為 'float'，由於類型不同，可能導致資料遺失
C:\Users\GameToGo\Desktop\PROJECT5\main.cpp(1115,19): warning C4244: '=': 將 'double' 轉換為 'float'，由於類型不同，可能導致資料遺失
C:\Users\GameToGo\Desktop\PROJECT5\main.cpp(1133,19): warning C4244: '=': 將 'double' 轉換為 'float'，由於類型不同，可能導致資料遺失
C:\Users\GameToGo\Desktop\PROJECT5\main.cpp(1159,30): warning C4244: '=': 將 'int' 轉換為 'float'，由於類型不同，可能導致資料遺失
C:\Users\GameToGo\Desktop\PROJECT5\main.cpp(1166,19): warning C4244: '=': 將 'double' 轉換為 'float'，由於類型不同，可能導致資料遺失
C:\Users\GameToGo\Desktop\PROJECT5\main.cpp(1183,19): warning C4244: '=': 將 'double' 轉換為 'float'，由於類型不同，可能導致資料遺失
C:\Users\GameToGo\Desktop\PROJECT5\main.cpp(1192,19): warning C4244: '=': 將 'double' 轉換為 'float'，由於類型不同，可能導致資料遺失
C:\Users\GameToGo\Desktop\PROJECT5\main.cpp(1203,19): warning C4244: '=': 將 'double' 轉換為 'float'，由於類型不同，可能導致資料遺失
C:\Users\GameToGo\Desktop\PROJECT5\main.cpp(1227,19): warning C4244: '=': 將 'double' 轉換為 'float'，由於類型不同，可能導致資料遺失
C:\Users\GameToGo\Desktop\PROJECT5\main.cpp(1236,19): warning C4244: '=': 將 'double' 轉換為 'float'，由於類型不同，可能導致資料遺失
C:\Users\GameToGo\Desktop\PROJECT5\main.cpp(1247,19): warning C4244: '=': 將 'double' 轉換為 'float'，由於類型不同，可能導致資料遺失
C:\Users\GameToGo\Desktop\PROJECT5\main.cpp(1264,19): warning C4244: '=': 將 'double' 轉換為 'float'，由於類型不同，可能導致資料遺失
C:\Users\GameToGo\Desktop\PROJECT5\main.cpp(1297,19): warning C4244: '=': 將 'double' 轉換為 'float'，由於類型不同，可能導致資料遺失
C:\Users\GameToGo\Desktop\PROJECT5\main.cpp(1314,19): warning C4244: '=': 將 'double' 轉換為 'float'，由於類型不同，可能導致資料遺失
C:\Users\GameToGo\Desktop\PROJECT5\main.cpp(1351,19): warning C4244: '=': 將 'double' 轉換為 'float'，由於類型不同，可能導致資料遺失
C:\Users\GameToGo\Desktop\PROJECT5\main.cpp(1369,19): warning C4244: '=': 將 'double' 轉換為 'float'，由於類型不同，可能導致資料遺失
C:\Users\GameToGo\Desktop\PROJECT5\main.cpp(919,8): warning C4101: 'junk': 未參考的區域變數
C:\Users\GameToGo\Desktop\PROJECT5\main.cpp(1395,14): warning C4244: '=': 將 'double' 轉換為 'float'，由於類型不同，可能導致資料遺失
C:\Users\GameToGo\Desktop\PROJECT5\main.cpp(1414,24): warning C4244: '-=': 將 'double' 轉換為 'float'，由於類型不同，可能導致資料遺失
C:\Users\GameToGo\Desktop\PROJECT5\main.cpp(1415,24): warning C4244: '-=': 將 'double' 轉換為 'float'，由於類型不同，可能導致資料遺失
C:\Users\GameToGo\Desktop\PROJECT5\main.cpp(1590,15): warning C4244: '正在初始化': 將 'float' 轉換為 'int'，由於類型不同，可能導致資料遺失
C:\Users\GameToGo\Desktop\PROJECT5\main.cpp(1592,16): warning C4244: '正在初始化': 將 'double' 轉換為 'int'，由於類型不同，可能導致資料遺失
C:\Users\GameToGo\Desktop\PROJECT5\main.cpp(1594,16): warning C4244: '正在初始化': 將 'float' 轉換為 'int'，由於類型不同，可能導致資料遺失
C:\Users\GameToGo\Desktop\PROJECT5\main.cpp(1749,15): warning C4305: '正在初始化': 從 'double' 轉換為 'float'，是由較大的類型轉換為較小的類型，可能導致資料遺失
C:\Users\GameToGo\Desktop\PROJECT5\main.cpp(1754,25): warning C4244: '=': 將 'double' 轉換為 'float'，由於類型不同，可能導致資料遺失
C:\Users\GameToGo\Desktop\PROJECT5\main.cpp(1755,25): warning C4244: '=': 將 'double' 轉換為 'float'，由於類型不同，可能導致資料遺失
C:\Users\GameToGo\Desktop\PROJECT5\main.cpp(1760,25): warning C4244: '=': 將 'double' 轉換為 'float'，由於類型不同，可能導致資料遺失
C:\Users\GameToGo\Desktop\PROJECT5\main.cpp(1767,25): warning C4244: '=': 將 'double' 轉換為 'float'，由於類型不同，可能導致資料遺失
C:\Users\GameToGo\Desktop\PROJECT5\main.cpp(1768,25): warning C4244: '=': 將 'double' 轉換為 'float'，由於類型不同，可能導致資料遺失
C:\Users\GameToGo\Desktop\PROJECT5\main.cpp(1773,25): warning C4244: '=': 將 'double' 轉換為 'float'，由於類型不同，可能導致資料遺失
C:\Users\GameToGo\Desktop\PROJECT5\main.cpp(1780,25): warning C4244: '=': 將 'double' 轉換為 'float'，由於類型不同，可能導致資料遺失
C:\Users\GameToGo\Desktop\PROJECT5\main.cpp(1781,25): warning C4244: '=': 將 'double' 轉換為 'float'，由於類型不同，可能導致資料遺失
C:\Users\GameToGo\Desktop\PROJECT5\main.cpp(1786,25): warning C4244: '=': 將 'double' 轉換為 'float'，由於類型不同，可能導致資料遺失
C:\Users\GameToGo\Desktop\PROJECT5\main.cpp(1793,25): warning C4244: '=': 將 'double' 轉換為 'float'，由於類型不同，可能導致資料遺失
C:\Users\GameToGo\Desktop\PROJECT5\main.cpp(1794,25): warning C4244: '=': 將 'double' 轉換為 'float'，由於類型不同，可能導致資料遺失
C:\Users\GameToGo\Desktop\PROJECT5\main.cpp(1799,25): warning C4244: '=': 將 'double' 轉換為 'float'，由於類型不同，可能導致資料遺失
C:\Users\GameToGo\Desktop\PROJECT5\main.cpp(1914,13): warning C4244: '正在初始化': 將 'double' 轉換為 'float'，由於類型不同，可能導致資料遺失
C:\Users\GameToGo\Desktop\PROJECT5\main.cpp(1915,13): warning C4244: '正在初始化': 將 'double' 轉換為 'float'，由於類型不同，可能導致資料遺失
C:\Users\GameToGo\Desktop\PROJECT5\main.cpp(2306,33): warning C4838: 從 'int' 到 'Sint16' 的轉換必須是縮小轉換
C:\Users\GameToGo\Desktop\PROJECT5\main.cpp(2306,48): warning C4838: 從 'int' 到 'Sint16' 的轉換必須是縮小轉換
C:\Users\GameToGo\Desktop\PROJECT5\main.cpp(2306,75): warning C4838: 從 'int' 到 'Sint16' 的轉換必須是縮小轉換
C:\Users\GameToGo\Desktop\PROJECT5\main.cpp(2306,96): warning C4838: 從 'int' 到 'Sint16' 的轉換必須是縮小轉換
C:\Users\GameToGo\Desktop\PROJECT5\main.cpp(2306,116): warning C4838: 從 'int' 到 'Sint16' 的轉換必須是縮小轉換
C:\Users\GameToGo\Desktop\PROJECT5\main.cpp(2326,12): warning C4244: '引數': 將 'time_t' 轉換為 'unsigned int'，由於類型不同，可能導致資料遺失
C:\Users\GameToGo\Desktop\PROJECT5\main.cpp(2861,35): warning C4244: '引數': 將 'int' 轉換為 'float'，由於類型不同，可能導致資料遺失
C:\Users\GameToGo\Desktop\PROJECT5\main.cpp(2861,67): warning C4244: '引數': 將 'int' 轉換為 'float'，由於類型不同，可能導致資料遺失
C:\Users\GameToGo\Desktop\PROJECT5\main.cpp(2892,200): warning C4244: '引數': 將 'double' 轉換為 'Uint8'，由於類型不同，可能導致資料遺失
C:\Users\GameToGo\Desktop\PROJECT5\main.cpp(2892,175): warning C4244: '引數': 將 'double' 轉換為 'Uint8'，由於類型不同，可能導致資料遺失
C:\Users\GameToGo\Desktop\PROJECT5\main.cpp(2892,150): warning C4244: '引數': 將 'double' 轉換為 'Uint8'，由於類型不同，可能導致資料遺失
C:\Users\GameToGo\Desktop\PROJECT5\main.cpp(2892,142): warning C4244: '引數': 將 'double' 轉換為 'Sint16'，由於類型不同，可能導致資料遺失
C:\Users\GameToGo\Desktop\PROJECT5\main.cpp(2892,123): warning C4244: '引數': 將 'double' 轉換為 'Sint16'，由於類型不同，可能導致資料遺失
C:\Users\GameToGo\Desktop\PROJECT5\main.cpp(2892,104): warning C4244: '引數': 將 'double' 轉換為 'Sint16'，由於類型不同，可能導致資料遺失
C:\Users\GameToGo\Desktop\PROJECT5\main.cpp(2892,85): warning C4244: '引數': 將 'double' 轉換為 'Sint16'，由於類型不同，可能導致資料遺失
C:\Users\GameToGo\Desktop\PROJECT5\main.cpp(2892,66): warning C4244: '引數': 將 'double' 轉換為 'Sint16'，由於類型不同，可能導致資料遺失
C:\Users\GameToGo\Desktop\PROJECT5\main.cpp(2892,47): warning C4244: '引數': 將 'double' 轉換為 'Sint16'，由於類型不同，可能導致資料遺失
C:\Users\GameToGo\Desktop\PROJECT5\main.cpp(2953,17): warning C4244: '=': 將 'double' 轉換為 'float'，由於類型不同，可能導致資料遺失
C:\Users\GameToGo\Desktop\PROJECT5\main.cpp(2973,43): warning C4244: '=': 將 'double' 轉換為 'float'，由於類型不同，可能導致資料遺失
C:\Users\GameToGo\Desktop\PROJECT5\main.cpp(2974,43): warning C4244: '=': 將 'double' 轉換為 'float'，由於類型不同，可能導致資料遺失
C:\Users\GameToGo\Desktop\PROJECT5\main.cpp(2979,43): warning C4244: '=': 將 'double' 轉換為 'float'，由於類型不同，可能導致資料遺失
C:\Users\GameToGo\Desktop\PROJECT5\main.cpp(2980,43): warning C4244: '=': 將 'double' 轉換為 'float'，由於類型不同，可能導致資料遺失
C:\Users\GameToGo\Desktop\PROJECT5\main.cpp(3019,14): warning C4244: '正在初始化': 將 'double' 轉換為 'float'，由於類型不同，可能導致資料遺失
C:\Users\GameToGo\Desktop\PROJECT5\main.cpp(3064,14): warning C4244: '正在初始化': 將 'double' 轉換為 'float'，由於類型不同，可能導致資料遺失
C:\Users\GameToGo\Desktop\PROJECT5\main.cpp(3086,14): warning C4244: '正在初始化': 將 'double' 轉換為 'float'，由於類型不同，可能導致資料遺失
C:\Users\GameToGo\Desktop\PROJECT5\main.cpp(3145,24): warning C4305: '=': 從 'double' 轉換為 'float'，是由較大的類型轉換為較小的類型，可能導致資料遺失
C:\Users\GameToGo\Desktop\PROJECT5\main.cpp(3172,81): warning C4244: '引數': 將 'float' 轉換為 'Uint8'，由於類型不同，可能導致資料遺失
C:\Users\GameToGo\Desktop\PROJECT5\main.cpp(3172,62): warning C4244: '引數': 將 'float' 轉換為 'Uint8'，由於類型不同，可能導致資料遺失
C:\Users\GameToGo\Desktop\PROJECT5\main.cpp(3172,43): warning C4244: '引數': 將 'float' 轉換為 'Uint8'，由於類型不同，可能導致資料遺失
C:\Users\GameToGo\Desktop\PROJECT5\main.cpp(3202,87): warning C4244: '引數': 將 'float' 轉換為 'Uint8'，由於類型不同，可能導致資料遺失
C:\Users\GameToGo\Desktop\PROJECT5\main.cpp(3202,66): warning C4244: '引數': 將 'float' 轉換為 'Uint8'，由於類型不同，可能導致資料遺失
C:\Users\GameToGo\Desktop\PROJECT5\main.cpp(3202,45): warning C4244: '引數': 將 'float' 轉換為 'Uint8'，由於類型不同，可能導致資料遺失
C:\Users\GameToGo\Desktop\PROJECT5\main.cpp(3255,39): warning C4244: '=': 將 'float' 轉換為 'int'，由於類型不同，可能導致資料遺失
C:\Users\GameToGo\Desktop\PROJECT5\main.cpp(3256,39): warning C4244: '=': 將 'float' 轉換為 'int'，由於類型不同，可能導致資料遺失
C:\Users\GameToGo\Desktop\PROJECT5\main.cpp(3258,72): warning C4244: '=': 將 'float' 轉換為 'int'，由於類型不同，可能導致資料遺失
C:\Users\GameToGo\Desktop\PROJECT5\main.cpp(3260,57): warning C4244: '=': 將 'float' 轉換為 'int'，由於類型不同，可能導致資料遺失
C:\Users\GameToGo\Desktop\PROJECT5\main.cpp(3321,26): warning C4838: 從 'int' 到 'char' 的轉換必須是縮小轉換
C:\Users\GameToGo\Desktop\PROJECT5\main.cpp(3326,26): warning C4838: 從 'int' 到 'char' 的轉換必須是縮小轉換
C:\Users\GameToGo\Desktop\PROJECT5\main.cpp(3342,26): warning C4838: 從 'int' 到 'char' 的轉換必須是縮小轉換
C:\Users\GameToGo\Desktop\PROJECT5\main.cpp(3347,26): warning C4838: 從 'int' 到 'char' 的轉換必須是縮小轉換
C:\Users\GameToGo\Desktop\PROJECT5\main.cpp(3416,43): warning C4244: '引數': 將 'float' 轉換為 'int'，由於類型不同，可能導致資料遺失
C:\Users\GameToGo\Desktop\PROJECT5\main.cpp(3417,48): warning C4244: '引數': 將 'float' 轉換為 'int'，由於類型不同，可能導致資料遺失
C:\Users\GameToGo\Desktop\PROJECT5\main.cpp(2215,10): warning C4101: 'timesUP': 未參考的區域變數
  正在產生程式碼
  1 of 344 functions ( 0.3%) were compiled, the rest were copied from previous compilation.
    0 functions were new in current compilation
    1 functions had inline decision re-evaluated but remain unchanged
  已完成程式碼產生
  prototype.vcxproj -> C:\Users\GameToGo\Desktop\PROJECT5\x64\Release\prototype.exe
